<?xml version="1.0" encoding="UTF-8"?>
<!-- Generated by org.testng.reporters.JUnitXMLReporter -->
<testsuite ignored="0" hostname="DESKTOP-63S7A18" failures="1" tests="1" name="Test1" time="8.948" errors="0" timestamp="2022-07-23T14:06:56 IST">
  <testcase classname="testclasses.SearchAndClick_001" name="SearchAndClick" time="1.442">
    <failure type="java.lang.AssertionError" message="expected [true] but found [false]">
      <![CDATA[java.lang.AssertionError: expected [true] but found [false]
at testclasses.SearchAndClick_001.SearchAndClick(SearchAndClick_001.java:25)
at java.base/java.util.ArrayList.forEach(ArrayList.java:1511)
... Removed 31 stack frames]]>
    </failure>
  </testcase> <!-- SearchAndClick -->
</testsuite> <!-- Test1 -->
